Determining if the pthread_create exist failed with the following output:
Change Dir: /home/cristina/SOFAR/build/CMakeFiles/CMakeTmp

Run Build Command:"/usr/bin/make" "cmTC_f03d6/fast"
/usr/bin/make -f CMakeFiles/cmTC_f03d6.dir/build.make CMakeFiles/cmTC_f03d6.dir/build
make[1]: ingresso nella directory "/home/cristina/SOFAR/build/CMakeFiles/CMakeTmp"
Building C object CMakeFiles/cmTC_f03d6.dir/CheckSymbolExists.c.o
/usr/bin/cc     -o CMakeFiles/cmTC_f03d6.dir/CheckSymbolExists.c.o   -c /home/cristina/SOFAR/build/CMakeFiles/CMakeTmp/CheckSymbolExists.c
Linking C executable cmTC_f03d6
/usr/bin/cmake -E cmake_link_script CMakeFiles/cmTC_f03d6.dir/link.txt --verbose=1
/usr/bin/cc       CMakeFiles/cmTC_f03d6.dir/CheckSymbolExists.c.o  -o cmTC_f03d6 -rdynamic 
CMakeFiles/cmTC_f03d6.dir/CheckSymbolExists.c.o: nella funzione "main":
CheckSymbolExists.c:(.text+0x16): riferimento non definito a "pthread_create"
collect2: error: ld returned 1 exit status
CMakeFiles/cmTC_f03d6.dir/build.make:97: set di istruzioni per l'obiettivo "cmTC_f03d6" non riuscito
make[1]: *** [cmTC_f03d6] Errore 1
make[1]: uscita dalla directory "/home/cristina/SOFAR/build/CMakeFiles/CMakeTmp"
Makefile:126: set di istruzioni per l'obiettivo "cmTC_f03d6/fast" non riuscito
make: *** [cmTC_f03d6/fast] Errore 2

File /home/cristina/SOFAR/build/CMakeFiles/CMakeTmp/CheckSymbolExists.c:
/* */
#include <pthread.h>

int main(int argc, char** argv)
{
  (void)argv;
#ifndef pthread_create
  return ((int*)(&pthread_create))[argc];
#else
  (void)argc;
  return 0;
#endif
}

Determining if the function pthread_create exists in the pthreads failed with the following output:
Change Dir: /home/cristina/SOFAR/build/CMakeFiles/CMakeTmp

Run Build Command:"/usr/bin/make" "cmTC_2000a/fast"
/usr/bin/make -f CMakeFiles/cmTC_2000a.dir/build.make CMakeFiles/cmTC_2000a.dir/build
make[1]: ingresso nella directory "/home/cristina/SOFAR/build/CMakeFiles/CMakeTmp"
Building C object CMakeFiles/cmTC_2000a.dir/CheckFunctionExists.c.o
/usr/bin/cc    -DCHECK_FUNCTION_EXISTS=pthread_create   -o CMakeFiles/cmTC_2000a.dir/CheckFunctionExists.c.o   -c /usr/share/cmake-3.5/Modules/CheckFunctionExists.c
Linking C executable cmTC_2000a
/usr/bin/cmake -E cmake_link_script CMakeFiles/cmTC_2000a.dir/link.txt --verbose=1
/usr/bin/cc   -DCHECK_FUNCTION_EXISTS=pthread_create    CMakeFiles/cmTC_2000a.dir/CheckFunctionExists.c.o  -o cmTC_2000a -rdynamic -lpthreads 
/usr/bin/ld: impossibile trovare -lpthreads
collect2: error: ld returned 1 exit status
CMakeFiles/cmTC_2000a.dir/build.make:97: set di istruzioni per l'obiettivo "cmTC_2000a" non riuscito
make[1]: *** [cmTC_2000a] Errore 1
make[1]: uscita dalla directory "/home/cristina/SOFAR/build/CMakeFiles/CMakeTmp"
Makefile:126: set di istruzioni per l'obiettivo "cmTC_2000a/fast" non riuscito
make: *** [cmTC_2000a/fast] Errore 2


